2024-09-11 14:26:39.591 - ::1 - GET /
2024-09-11 14:26:46.127 - ::1 - GET /home?_rsc=1wtp7
2024-09-11 14:26:53.507 - ::1 - GET /
2024-09-11 14:26:54.209 - ::1 - GET /home?_rsc=1wtp7
2024-09-11 14:26:54.286 - ::1 - GET /home?_rsc=1d327
2024-09-11 14:26:58.491 - ::1 - GET /freeNotice?page=1&_rsc=twttv
2024-09-11 14:26:59.974 - ::1 - GET /freeNotice?page=1&_rsc=1k49y
2024-09-11 14:27:04.548 - ::1 - GET /qna?page=1&_rsc=1bp5o
2024-09-11 14:27:05.107 - ::1 - GET /qna?page=1
2024-09-11 14:27:08.409 - ::1 - GET /freeNotice?page=1&_rsc=w7wru
2024-09-11 14:27:08.427 - ::1 - GET /freeNotice?page=1&_rsc=1k49y
2024-09-11 14:27:53.978 - ::1 - GET /account/login?page=1&_rsc=1bp5o
2024-09-11 14:27:55.136 - ::1 - GET /account/login?page=1&_rsc=tp9ws
2024-09-11 14:27:59.654 - ::1 - GET /freeNotice?page=1%3Fpage%3D1&_rsc=133hw
2024-09-11 14:27:59.669 - ::1 - GET /freeNotice?page=1%3Fpage%3D1&_rsc=ja32t
2024-09-11 14:28:07.245 - ::1 - GET /freeNotice/26?page=1&_rsc=33d90
2024-09-11 14:28:09.151 - ::1 - GET /freeNotice/26?page=1&_rsc=1a5bz
2024-09-11 14:28:18.996 - ::1 - GET /freeNotice?page=1&_rsc=1qurm
2024-09-11 14:28:31.377 - ::1 - GET /qna?page=1&_rsc=1bp5o
2024-09-11 14:28:32.155 - ::1 - GET /qna?page=1
2024-09-11 14:28:54.005 - ::1 - GET /freeNotice?page=1&_rsc=w7wru
2024-09-11 14:28:54.060 - ::1 - GET /freeNotice?page=1&_rsc=1k49y
2024-09-11 14:28:58.392 - ::1 - GET /freeNotice/13?page=3&_rsc=1bp5o
2024-09-11 14:28:58.457 - ::1 - GET /freeNotice/13?page=3&_rsc=2mdh6
2024-09-11 14:29:00.077 - ::1 - GET /freeNotice?page=3&_rsc=hsrfy
2024-09-11 14:29:00.096 - ::1 - GET /freeNotice?page=3&_rsc=1of4n
2024-09-11 14:29:25.047 - ::1 - GET /freeNotice/write?page=3&_rsc=2ig0v
2024-09-11 14:29:25.892 - ::1 - GET /freeNotice/write?page=3&_rsc=ncveq
2024-09-11 14:29:36.115 - ::1 - GET /freeNotice?page=3&_rsc=1of4n
2024-09-11 14:29:51.411 - ::1 - GET /freeNotice/8?page=3&_rsc=2ig0v
2024-09-11 14:29:51.473 - ::1 - GET /freeNotice/8?page=3&_rsc=1r6nm
2024-09-11 17:25:02.427 - ::1 - GET /
2024-09-11 17:25:05.909 - ::1 - GET /home?_rsc=1wtp7
2024-09-11 17:25:07.567 - ::1 - GET /home?_rsc=1d327
2024-09-11 17:25:45.292 - ::1 - GET /home?_rsc=tuuo6
2024-09-11 17:26:18.439 - ::1 - GET /movie
2024-09-11 17:31:25.084 - ::1 - GET /movie
2024-09-11 17:31:34.168 - ::1 - GET /movie
2024-09-11 17:32:10.412 - ::1 - GET /movie
