2024-09-12 11:08:04.929 - ::1 - GET /
2024-09-12 11:08:08.382 - ::1 - GET /home?_rsc=1wtp7
2024-09-12 11:08:09.933 - ::1 - GET /home?_rsc=1d327
2024-09-12 11:08:18.580 - ::1 - GET /home
2024-09-12 11:08:23.272 - ::1 - GET /movie
2024-09-12 11:08:30.286 - ::1 - GET /movie
2024-09-12 11:08:40.992 - ::1 - GET /movie
2024-09-12 11:10:38.632 - ::1 - GET /movie
2024-09-12 11:14:09.865 - ::1 - GET /movie
2024-09-12 11:14:55.493 - ::1 - GET /movie
2024-09-12 11:21:07.857 - ::1 - GET /movie
2024-09-12 11:22:43.442 - ::1 - GET /movie
2024-09-12 11:22:59.018 - ::1 - GET /movie
2024-09-12 11:23:09.009 - ::1 - GET /movie
2024-09-12 11:24:02.506 - ::1 - GET /movie
2024-09-12 11:26:42.148 - ::1 - GET /movie
2024-09-12 11:27:46.505 - ::1 - GET /movie
2024-09-12 11:28:00.721 - ::1 - GET /movie
2024-09-12 11:30:28.808 - ::1 - GET /movie
2024-09-12 11:31:15.637 - ::1 - GET /movie?_rsc=154a6
2024-09-12 11:34:23.723 - ::1 - GET /movie
2024-09-12 11:39:57.260 - ::1 - GET /movie?_rsc=154a6
2024-09-12 11:39:57.572 - ::1 - GET /movie
2024-09-12 11:40:31.145 - ::1 - GET /movie?_rsc=154a6
2024-09-12 11:40:45.991 - ::1 - GET /movie?_rsc=154a6
2024-09-12 13:06:24.617 - ::1 - GET /movie
2024-09-12 13:07:52.179 - ::1 - GET /movie
2024-09-12 13:15:11.248 - ::1 - GET /movie
2024-09-12 13:18:28.334 - ::1 - GET /movie?_rsc=154a6
2024-09-12 13:21:26.776 - ::1 - GET /movie?_rsc=154a6
2024-09-12 13:23:31.331 - ::1 - GET /movie
2024-09-12 13:24:05.346 - ::1 - GET /movie
2024-09-12 13:24:09.336 - ::1 - GET /movie
2024-09-12 13:24:24.982 - ::1 - GET /movie
2024-09-12 13:27:47.643 - ::1 - GET /movie
2024-09-12 15:52:59.627 - ::1 - GET /movie
2024-09-12 15:55:54.666 - ::1 - GET /movie
2024-09-12 15:56:49.477 - ::1 - GET /freeNotice?page=1&_rsc=9retg
2024-09-12 15:56:50.912 - ::1 - GET /freeNotice?page=1&_rsc=1k49y
